<?xml version="1.0" encoding="UTF-8"?>
<!-- Generated by org.testng.reporters.JUnitReportReporter -->
<testsuite hostname="Rishu" failures="0" tests="7" name="FlipkartAutomate.AutomationEcommerce.FlipkartTestChrome" time="68.931" errors="0" timestamp="2024-01-15T02:27:40 IST" skipped="0">
  <testcase classname="FlipkartAutomate.AutomationEcommerce.FlipkartTestChrome" name="closeLogin" time="0.971"/>
  <system-out/>
  <testcase classname="FlipkartAutomate.AutomationEcommerce.FlipkartTestChrome" name="scroll" time="6.908"/>
  <system-out/>
  <testcase classname="FlipkartAutomate.AutomationEcommerce.FlipkartTestChrome" name="searchIphone13" time="10.172"/>
  <system-out/>
  <testcase classname="FlipkartAutomate.AutomationEcommerce.FlipkartTestChrome" name="loadImage" time="39.899"/>
  <system-out/>
  <testcase classname="FlipkartAutomate.AutomationEcommerce.FlipkartTestChrome" name="scrollFrequency" time="2.604"/>
  <system-out/>
  <testcase classname="FlipkartAutomate.AutomationEcommerce.FlipkartTestChrome" name="downloadImages" time="0.292"/>
  <system-out/>
  <testcase classname="FlipkartAutomate.AutomationEcommerce.FlipkartTestChrome" name="screenResolution" time="8.085"/>
  <system-out/>
</testsuite> <!-- FlipkartAutomate.AutomationEcommerce.FlipkartTestChrome -->
