<?xml version="1.0" encoding="UTF-8"?>
<!-- Generated by org.testng.reporters.JUnitReportReporter -->
<testsuite hostname="Rishu" failures="0" tests="7" name="FlipkartAutomate.AutomationEcommerce.FlipkartTestEdge" time="105.838" errors="0" timestamp="2024-01-15T02:22:51 IST" skipped="0">
  <testcase classname="FlipkartAutomate.AutomationEcommerce.FlipkartTestEdge" name="closeLogin" time="0.729"/>
  <system-out/>
  <testcase classname="FlipkartAutomate.AutomationEcommerce.FlipkartTestEdge" name="scroll" time="6.517"/>
  <system-out/>
  <testcase classname="FlipkartAutomate.AutomationEcommerce.FlipkartTestEdge" name="searchIphone13" time="11.958"/>
  <system-out/>
  <testcase classname="FlipkartAutomate.AutomationEcommerce.FlipkartTestEdge" name="loadImage" time="75.563"/>
  <system-out/>
  <testcase classname="FlipkartAutomate.AutomationEcommerce.FlipkartTestEdge" name="scrollFrequency" time="2.577"/>
  <system-out/>
  <testcase classname="FlipkartAutomate.AutomationEcommerce.FlipkartTestEdge" name="downloadImages" time="0.395"/>
  <system-out/>
  <testcase classname="FlipkartAutomate.AutomationEcommerce.FlipkartTestEdge" name="screenResolution" time="8.099"/>
  <system-out/>
</testsuite> <!-- FlipkartAutomate.AutomationEcommerce.FlipkartTestEdge -->
