<?xml version="1.0" encoding="UTF-8"?>
<!-- Generated by org.testng.reporters.JUnitReportReporter -->
<testsuite hostname="Rishu" failures="0" tests="1" name="FlipkartAutomate.AutomationEcommerce.AppTest" time="0.005" errors="0" timestamp="2024-01-15T02:27:40 IST" skipped="0">
  <testcase classname="FlipkartAutomate.AutomationEcommerce.AppTest" name="testApp" time="0.005"/>
  <system-out/>
</testsuite> <!-- FlipkartAutomate.AutomationEcommerce.AppTest -->
